<?xml version="1.0" encoding="UTF-8"?>
<!-- Generated by org.testng.reporters.JUnitXMLReporter -->
<testsuite hostname="dream" ignored="2" name="All tests" tests="17" failures="0" timestamp="11 Jul 2020 02:30:07 GMT" time="21.509" errors="0">
  <testcase name="loginTestCorrectCredentialsLoggedToApp5" time="0.702" classname="SeleniumTests.LoginTestNew"/>
  <testcase name="loginTestCorrectCredentialsLoggedToApp" time="0.762" classname="SeleniumTests.LoginTest"/>
  <testcase name="createPlayList_PlayListCreated2" time="2.783" classname="SeleniumTests.PlayListTestsNew"/>
  <testcase name="createPlayList_PlayListCreated" time="2.76" classname="SeleniumTests.PlayListTests"/>
  <testcase name="loginTestCorrectCredentialsLoggedToApp6" time="0.73" classname="SeleniumTests.LoginTestNew"/>
  <testcase name="loginTestCorrectCredentialsLoggedToApp1" time="0.705" classname="SeleniumTests.LoginTest"/>
  <testcase name="loginTestCorrectCredentialsLoggedToApp7" time="0.662" classname="SeleniumTests.LoginTestNew"/>
  <testcase name="loginTestCorrectCredentialsLoggedToApp2" time="0.697" classname="SeleniumTests.LoginTest"/>
  <testcase name="createPlayList_PlayListCreated3" time="2.723" classname="SeleniumTests.PlayListTestsNew"/>
  <testcase name="createPlayList_PlayListCreated1" time="2.643" classname="SeleniumTests.PlayListTests"/>
  <testcase name="loginTestCorrectCredentialsLoggedToApp8" time="0.685" classname="SeleniumTests.LoginTestNew"/>
  <testcase name="loginTestCorrectCredentialsLoggedToApp3" time="0.674" classname="SeleniumTests.LoginTest"/>
  <testcase name="loginTestCorrectCredentialsLoggedToApp4" time="0.676" classname="SeleniumTests.LoginTest"/>
  <testcase name="loginTestCorrectCredentialsLoggedToApp9" time="0.733" classname="SeleniumTests.LoginTestNew"/>
  <testcase name="renamePlayList_PlayListCreated" time="2.924" classname="SeleniumTests.PlayListTests"/>
  <testcase name="renamePlayList_PlayListCreated2" time="3.022" classname="SeleniumTests.PlayListTestsNew"/>
  <testcase name="renamePlayList_PlayListCreated3" time="2.922" classname="SeleniumTests.PlayListTestsNew"/>
  <testcase name="ticketPriceCalculator" time="0.0" classname="SeleniumTests.LoginTest">
    <ignored/>
  </testcase> <!-- ticketPriceCalculator -->
  <testcase name="renamePlayList_PlayListCreated1" time="0.0" classname="SeleniumTests.PlayListTests">
    <ignored/>
  </testcase> <!-- renamePlayList_PlayListCreated1 -->
</testsuite> <!-- All tests -->
