<?xml version="1.0" encoding="UTF-8"?>
<!-- Generated by org.testng.reporters.JUnitXMLReporter -->
<testsuite hostname="dream" ignored="2" name="All tests" tests="17" failures="0" timestamp="11 Jul 2020 02:24:39 GMT" time="22.392" errors="0">
  <testcase name="loginTestCorrectCredentialsLoggedToApp" time="0.928" classname="SeleniumTests.LoginTest"/>
  <testcase name="loginTestCorrectCredentialsLoggedToApp5" time="0.934" classname="SeleniumTests.LoginTestNew"/>
  <testcase name="createPlayList_PlayListCreated2" time="2.925" classname="SeleniumTests.PlayListTestsNew"/>
  <testcase name="createPlayList_PlayListCreated" time="2.934" classname="SeleniumTests.PlayListTests"/>
  <testcase name="loginTestCorrectCredentialsLoggedToApp6" time="0.743" classname="SeleniumTests.LoginTestNew"/>
  <testcase name="loginTestCorrectCredentialsLoggedToApp1" time="0.747" classname="SeleniumTests.LoginTest"/>
  <testcase name="loginTestCorrectCredentialsLoggedToApp2" time="0.905" classname="SeleniumTests.LoginTest"/>
  <testcase name="loginTestCorrectCredentialsLoggedToApp7" time="0.939" classname="SeleniumTests.LoginTestNew"/>
  <testcase name="createPlayList_PlayListCreated1" time="2.896" classname="SeleniumTests.PlayListTests"/>
  <testcase name="createPlayList_PlayListCreated3" time="2.973" classname="SeleniumTests.PlayListTestsNew"/>
  <testcase name="loginTestCorrectCredentialsLoggedToApp8" time="0.62" classname="SeleniumTests.LoginTestNew"/>
  <testcase name="loginTestCorrectCredentialsLoggedToApp3" time="0.672" classname="SeleniumTests.LoginTest"/>
  <testcase name="renamePlayList_PlayListCreated" time="3.14" classname="SeleniumTests.PlayListTests"/>
  <testcase name="renamePlayList_PlayListCreated2" time="3.132" classname="SeleniumTests.PlayListTestsNew"/>
  <testcase name="loginTestCorrectCredentialsLoggedToApp9" time="0.706" classname="SeleniumTests.LoginTestNew"/>
  <testcase name="loginTestCorrectCredentialsLoggedToApp4" time="0.704" classname="SeleniumTests.LoginTest"/>
  <testcase name="renamePlayList_PlayListCreated3" time="2.929" classname="SeleniumTests.PlayListTestsNew"/>
  <testcase name="ticketPriceCalculator" time="0.0" classname="SeleniumTests.LoginTest">
    <ignored/>
  </testcase> <!-- ticketPriceCalculator -->
  <testcase name="renamePlayList_PlayListCreated1" time="0.0" classname="SeleniumTests.PlayListTests">
    <ignored/>
  </testcase> <!-- renamePlayList_PlayListCreated1 -->
</testsuite> <!-- All tests -->
