<?xml version="1.0" encoding="UTF-8"?>
<!-- Generated by org.testng.reporters.JUnitXMLReporter -->
<testsuite hostname="dream" ignored="2" name="All tests" tests="17" failures="0" timestamp="04 Jul 2020 05:25:56 GMT" time="33.839" errors="0">
  <testcase name="loginTestCorrectCredentialsLoggedToApp" time="0.76" classname="SeleniumTests.LoginTest"/>
  <testcase name="loginTestCorrectCredentialsLoggedToApp5" time="0.813" classname="SeleniumTests.LoginTestNew"/>
  <testcase name="createPlayList_PlayListCreated" time="2.848" classname="SeleniumTests.PlayListTests"/>
  <testcase name="createPlayList_PlayListCreated2" time="2.836" classname="SeleniumTests.PlayListTestsNew"/>
  <testcase name="loginTestCorrectCredentialsLoggedToApp1" time="0.633" classname="SeleniumTests.LoginTest"/>
  <testcase name="loginTestCorrectCredentialsLoggedToApp6" time="0.663" classname="SeleniumTests.LoginTestNew"/>
  <testcase name="createPlayList_PlayListCreated1" time="2.585" classname="SeleniumTests.PlayListTests"/>
  <testcase name="createPlayList_PlayListCreated3" time="2.59" classname="SeleniumTests.PlayListTestsNew"/>
  <testcase name="loginTestCorrectCredentialsLoggedToApp7" time="0.615" classname="SeleniumTests.LoginTestNew"/>
  <testcase name="loginTestCorrectCredentialsLoggedToApp2" time="0.652" classname="SeleniumTests.LoginTest"/>
  <testcase name="renamePlayList_PlayListCreated2" time="2.947" classname="SeleniumTests.PlayListTestsNew"/>
  <testcase name="renamePlayList_PlayListCreated" time="3.048" classname="SeleniumTests.PlayListTests"/>
  <testcase name="loginTestCorrectCredentialsLoggedToApp8" time="0.712" classname="SeleniumTests.LoginTestNew"/>
  <testcase name="loginTestCorrectCredentialsLoggedToApp3" time="0.64" classname="SeleniumTests.LoginTest"/>
  <testcase name="loginTestCorrectCredentialsLoggedToApp9" time="0.606" classname="SeleniumTests.LoginTestNew"/>
  <testcase name="loginTestCorrectCredentialsLoggedToApp4" time="0.627" classname="SeleniumTests.LoginTest"/>
  <testcase name="renamePlayList_PlayListCreated3" time="2.903" classname="SeleniumTests.PlayListTestsNew"/>
  <testcase name="ticketPriceCalculator" time="0.0" classname="SeleniumTests.LoginTest">
    <ignored/>
  </testcase> <!-- ticketPriceCalculator -->
  <testcase name="renamePlayList_PlayListCreated1" time="0.0" classname="SeleniumTests.PlayListTests">
    <ignored/>
  </testcase> <!-- renamePlayList_PlayListCreated1 -->
</testsuite> <!-- All tests -->
