<?xml version="1.0" encoding="UTF-8"?>
<!-- Generated by org.testng.reporters.JUnitXMLReporter -->
<testsuite hostname="dream" ignored="2" name="All tests" tests="17" failures="0" timestamp="10 Jul 2020 01:13:32 GMT" time="28.454" errors="0">
  <testcase name="loginTestCorrectCredentialsLoggedToApp5" time="0.912" classname="SeleniumTests.LoginTestNew"/>
  <testcase name="loginTestCorrectCredentialsLoggedToApp" time="0.935" classname="SeleniumTests.LoginTest"/>
  <testcase name="createPlayList_PlayListCreated" time="3.221" classname="SeleniumTests.PlayListTests"/>
  <testcase name="createPlayList_PlayListCreated2" time="3.222" classname="SeleniumTests.PlayListTestsNew"/>
  <testcase name="loginTestCorrectCredentialsLoggedToApp1" time="0.864" classname="SeleniumTests.LoginTest"/>
  <testcase name="loginTestCorrectCredentialsLoggedToApp6" time="0.87" classname="SeleniumTests.LoginTestNew"/>
  <testcase name="createPlayList_PlayListCreated1" time="3.283" classname="SeleniumTests.PlayListTests"/>
  <testcase name="loginTestCorrectCredentialsLoggedToApp7" time="1.041" classname="SeleniumTests.LoginTestNew"/>
  <testcase name="createPlayList_PlayListCreated3" time="3.296" classname="SeleniumTests.PlayListTestsNew"/>
  <testcase name="loginTestCorrectCredentialsLoggedToApp2" time="1.039" classname="SeleniumTests.LoginTest"/>
  <testcase name="loginTestCorrectCredentialsLoggedToApp8" time="0.782" classname="SeleniumTests.LoginTestNew"/>
  <testcase name="loginTestCorrectCredentialsLoggedToApp3" time="0.871" classname="SeleniumTests.LoginTest"/>
  <testcase name="renamePlayList_PlayListCreated" time="3.846" classname="SeleniumTests.PlayListTests"/>
  <testcase name="renamePlayList_PlayListCreated2" time="4.133" classname="SeleniumTests.PlayListTestsNew"/>
  <testcase name="loginTestCorrectCredentialsLoggedToApp9" time="0.809" classname="SeleniumTests.LoginTestNew"/>
  <testcase name="loginTestCorrectCredentialsLoggedToApp4" time="0.844" classname="SeleniumTests.LoginTest"/>
  <testcase name="renamePlayList_PlayListCreated3" time="3.263" classname="SeleniumTests.PlayListTestsNew"/>
  <testcase name="ticketPriceCalculator" time="0.0" classname="SeleniumTests.LoginTest">
    <ignored/>
  </testcase> <!-- ticketPriceCalculator -->
  <testcase name="renamePlayList_PlayListCreated1" time="0.0" classname="SeleniumTests.PlayListTests">
    <ignored/>
  </testcase> <!-- renamePlayList_PlayListCreated1 -->
</testsuite> <!-- All tests -->
