<?xml version="1.0" encoding="UTF-8"?>
<testng-results skipped="0" failed="0" ignored="2" total="19" passed="17">
  <reporter-output>
  </reporter-output>
  <suite name="Master Suite" duration-ms="21509" started-at="2020-07-11T02:29:45Z" finished-at="2020-07-11T02:30:07Z">
    <groups>
    </groups>
    <test name="All tests" duration-ms="21509" started-at="2020-07-11T02:29:45Z" finished-at="2020-07-11T02:30:07Z">
      <class name="SeleniumTests.LoginTest">
        <test-method status="PASS" signature="startUp(java.lang.String, java.lang.String, java.lang.String, java.lang.String)[pri:0, instance:SeleniumTests.LoginTest@3527942a]" name="startUp" is-config="true" duration-ms="2861" started-at="2020-07-10T19:29:45Z" finished-at="2020-07-10T19:29:48Z">
          <params>
            <param index="0">
              <value>
                <![CDATA[koeluser03@testpro.io]]>
              </value>
            </param>
            <param index="1">
              <value>
                <![CDATA[te$t$tudent]]>
              </value>
            </param>
            <param index="2">
              <value>
                <![CDATA[CHROME]]>
              </value>
            </param>
            <param index="3">
              <value>
                <![CDATA[https://koelapp.testpro.io]]>
              </value>
            </param>
          </params>
          <reporter-output>
          </reporter-output>
        </test-method> <!-- startUp -->
        <test-method status="PASS" signature="loginTestCorrectCredentialsLoggedToApp(java.lang.String, java.lang.String)[pri:0, instance:SeleniumTests.LoginTest@3527942a]" name="loginTestCorrectCredentialsLoggedToApp" duration-ms="762" started-at="2020-07-10T19:29:48Z" finished-at="2020-07-10T19:29:49Z">
          <params>
            <param index="0">
              <value>
                <![CDATA[koeluser12222@testpro.io]]>
              </value>
            </param>
            <param index="1">
              <value>
                <![CDATA[teststudent]]>
              </value>
            </param>
          </params>
          <reporter-output>
          </reporter-output>
        </test-method> <!-- loginTestCorrectCredentialsLoggedToApp -->
        <test-method status="PASS" signature="tearDown(org.testng.ITestResult)[pri:0, instance:SeleniumTests.LoginTest@3527942a]" name="tearDown" is-config="true" duration-ms="116" started-at="2020-07-10T19:29:49Z" finished-at="2020-07-10T19:29:49Z">
          <params>
            <param index="0">
              <value>
                <![CDATA[[TestResult name=loginTestCorrectCredentialsLoggedToApp status=SUCCESS method=LoginTest.loginTestCorrectCredentialsLoggedToApp(java.lang.String, java.lang.String)[pri:0, instance:SeleniumTests.LoginTest@3527942a] output={null}]]]>
              </value>
            </param>
          </params>
          <reporter-output>
          </reporter-output>
        </test-method> <!-- tearDown -->
        <test-method status="PASS" signature="startUp(java.lang.String, java.lang.String, java.lang.String, java.lang.String)[pri:0, instance:SeleniumTests.LoginTest@3527942a]" name="startUp" is-config="true" duration-ms="1999" started-at="2020-07-10T19:29:49Z" finished-at="2020-07-10T19:29:51Z">
          <params>
            <param index="0">
              <value>
                <![CDATA[koeluser03@testpro.io]]>
              </value>
            </param>
            <param index="1">
              <value>
                <![CDATA[te$t$tudent]]>
              </value>
            </param>
            <param index="2">
              <value>
                <![CDATA[CHROME]]>
              </value>
            </param>
            <param index="3">
              <value>
                <![CDATA[https://koelapp.testpro.io]]>
              </value>
            </param>
          </params>
          <reporter-output>
          </reporter-output>
        </test-method> <!-- startUp -->
        <test-method status="PASS" signature="loginTestCorrectCredentialsLoggedToApp1(java.lang.String, java.lang.String)[pri:0, instance:SeleniumTests.LoginTest@3527942a]" name="loginTestCorrectCredentialsLoggedToApp1" duration-ms="705" started-at="2020-07-10T19:29:51Z" finished-at="2020-07-10T19:29:52Z">
          <params>
            <param index="0">
              <value>
                <![CDATA[koeluser03@testpro.io]]>
              </value>
            </param>
            <param index="1">
              <value>
                <![CDATA[te$t$tudent]]>
              </value>
            </param>
          </params>
          <reporter-output>
          </reporter-output>
        </test-method> <!-- loginTestCorrectCredentialsLoggedToApp1 -->
        <test-method status="PASS" signature="tearDown(org.testng.ITestResult)[pri:0, instance:SeleniumTests.LoginTest@3527942a]" name="tearDown" is-config="true" duration-ms="120" started-at="2020-07-10T19:29:52Z" finished-at="2020-07-10T19:29:52Z">
          <params>
            <param index="0">
              <value>
                <![CDATA[[TestResult name=loginTestCorrectCredentialsLoggedToApp1 status=SUCCESS method=LoginTest.loginTestCorrectCredentialsLoggedToApp1(java.lang.String, java.lang.String)[pri:0, instance:SeleniumTests.LoginTest@3527942a] output={null}]]]>
              </value>
            </param>
          </params>
          <reporter-output>
          </reporter-output>
        </test-method> <!-- tearDown -->
        <test-method status="PASS" signature="startUp(java.lang.String, java.lang.String, java.lang.String, java.lang.String)[pri:0, instance:SeleniumTests.LoginTest@3527942a]" name="startUp" is-config="true" duration-ms="2146" started-at="2020-07-10T19:29:52Z" finished-at="2020-07-10T19:29:54Z">
          <params>
            <param index="0">
              <value>
                <![CDATA[koeluser03@testpro.io]]>
              </value>
            </param>
            <param index="1">
              <value>
                <![CDATA[te$t$tudent]]>
              </value>
            </param>
            <param index="2">
              <value>
                <![CDATA[CHROME]]>
              </value>
            </param>
            <param index="3">
              <value>
                <![CDATA[https://koelapp.testpro.io]]>
              </value>
            </param>
          </params>
          <reporter-output>
          </reporter-output>
        </test-method> <!-- startUp -->
        <test-method status="PASS" signature="loginTestCorrectCredentialsLoggedToApp2(java.lang.String, java.lang.String)[pri:0, instance:SeleniumTests.LoginTest@3527942a]" name="loginTestCorrectCredentialsLoggedToApp2" duration-ms="697" started-at="2020-07-10T19:29:54Z" finished-at="2020-07-10T19:29:55Z">
          <params>
            <param index="0">
              <value>
                <![CDATA[koeluser03@testpro.io]]>
              </value>
            </param>
            <param index="1">
              <value>
                <![CDATA[te$t$tudent]]>
              </value>
            </param>
          </params>
          <reporter-output>
          </reporter-output>
        </test-method> <!-- loginTestCorrectCredentialsLoggedToApp2 -->
        <test-method status="PASS" signature="tearDown(org.testng.ITestResult)[pri:0, instance:SeleniumTests.LoginTest@3527942a]" name="tearDown" is-config="true" duration-ms="67" started-at="2020-07-10T19:29:55Z" finished-at="2020-07-10T19:29:55Z">
          <params>
            <param index="0">
              <value>
                <![CDATA[[TestResult name=loginTestCorrectCredentialsLoggedToApp2 status=SUCCESS method=LoginTest.loginTestCorrectCredentialsLoggedToApp2(java.lang.String, java.lang.String)[pri:0, instance:SeleniumTests.LoginTest@3527942a] output={null}]]]>
              </value>
            </param>
          </params>
          <reporter-output>
          </reporter-output>
        </test-method> <!-- tearDown -->
        <test-method status="PASS" signature="startUp(java.lang.String, java.lang.String, java.lang.String, java.lang.String)[pri:0, instance:SeleniumTests.LoginTest@3527942a]" name="startUp" is-config="true" duration-ms="2351" started-at="2020-07-10T19:29:55Z" finished-at="2020-07-10T19:29:57Z">
          <params>
            <param index="0">
              <value>
                <![CDATA[koeluser03@testpro.io]]>
              </value>
            </param>
            <param index="1">
              <value>
                <![CDATA[te$t$tudent]]>
              </value>
            </param>
            <param index="2">
              <value>
                <![CDATA[CHROME]]>
              </value>
            </param>
            <param index="3">
              <value>
                <![CDATA[https://koelapp.testpro.io]]>
              </value>
            </param>
          </params>
          <reporter-output>
          </reporter-output>
        </test-method> <!-- startUp -->
        <test-method status="PASS" signature="loginTestCorrectCredentialsLoggedToApp3(java.lang.String, java.lang.String)[pri:0, instance:SeleniumTests.LoginTest@3527942a]" name="loginTestCorrectCredentialsLoggedToApp3" duration-ms="674" started-at="2020-07-10T19:29:57Z" finished-at="2020-07-10T19:29:58Z">
          <params>
            <param index="0">
              <value>
                <![CDATA[koeluser03@testpro.io]]>
              </value>
            </param>
            <param index="1">
              <value>
                <![CDATA[te$t$tudent]]>
              </value>
            </param>
          </params>
          <reporter-output>
          </reporter-output>
        </test-method> <!-- loginTestCorrectCredentialsLoggedToApp3 -->
        <test-method status="PASS" signature="tearDown(org.testng.ITestResult)[pri:0, instance:SeleniumTests.LoginTest@3527942a]" name="tearDown" is-config="true" duration-ms="167" started-at="2020-07-10T19:29:58Z" finished-at="2020-07-10T19:29:58Z">
          <params>
            <param index="0">
              <value>
                <![CDATA[[TestResult name=loginTestCorrectCredentialsLoggedToApp3 status=SUCCESS method=LoginTest.loginTestCorrectCredentialsLoggedToApp3(java.lang.String, java.lang.String)[pri:0, instance:SeleniumTests.LoginTest@3527942a] output={null}]]]>
              </value>
            </param>
          </params>
          <reporter-output>
          </reporter-output>
        </test-method> <!-- tearDown -->
        <test-method status="PASS" signature="startUp(java.lang.String, java.lang.String, java.lang.String, java.lang.String)[pri:0, instance:SeleniumTests.LoginTest@3527942a]" name="startUp" is-config="true" duration-ms="2043" started-at="2020-07-10T19:29:58Z" finished-at="2020-07-10T19:30:00Z">
          <params>
            <param index="0">
              <value>
                <![CDATA[koeluser03@testpro.io]]>
              </value>
            </param>
            <param index="1">
              <value>
                <![CDATA[te$t$tudent]]>
              </value>
            </param>
            <param index="2">
              <value>
                <![CDATA[CHROME]]>
              </value>
            </param>
            <param index="3">
              <value>
                <![CDATA[https://koelapp.testpro.io]]>
              </value>
            </param>
          </params>
          <reporter-output>
          </reporter-output>
        </test-method> <!-- startUp -->
        <test-method status="PASS" signature="loginTestCorrectCredentialsLoggedToApp4(java.lang.String, java.lang.String)[pri:0, instance:SeleniumTests.LoginTest@3527942a]" name="loginTestCorrectCredentialsLoggedToApp4" duration-ms="676" started-at="2020-07-10T19:30:00Z" finished-at="2020-07-10T19:30:01Z">
          <params>
            <param index="0">
              <value>
                <![CDATA[koeluser03@testpro.io]]>
              </value>
            </param>
            <param index="1">
              <value>
                <![CDATA[te$t$tudent]]>
              </value>
            </param>
          </params>
          <reporter-output>
          </reporter-output>
        </test-method> <!-- loginTestCorrectCredentialsLoggedToApp4 -->
        <test-method status="PASS" signature="tearDown(org.testng.ITestResult)[pri:0, instance:SeleniumTests.LoginTest@3527942a]" name="tearDown" is-config="true" duration-ms="66" started-at="2020-07-10T19:30:01Z" finished-at="2020-07-10T19:30:01Z">
          <params>
            <param index="0">
              <value>
                <![CDATA[[TestResult name=loginTestCorrectCredentialsLoggedToApp4 status=SUCCESS method=LoginTest.loginTestCorrectCredentialsLoggedToApp4(java.lang.String, java.lang.String)[pri:0, instance:SeleniumTests.LoginTest@3527942a] output={null}]]]>
              </value>
            </param>
          </params>
          <reporter-output>
          </reporter-output>
        </test-method> <!-- tearDown -->
      </class> <!-- SeleniumTests.LoginTest -->
      <class name="SeleniumTests.PlayListTests">
        <test-method status="PASS" signature="startUp(java.lang.String, java.lang.String, java.lang.String, java.lang.String)[pri:0, instance:SeleniumTests.PlayListTests@1ed6388a]" name="startUp" is-config="true" duration-ms="3011" started-at="2020-07-10T19:29:45Z" finished-at="2020-07-10T19:29:48Z">
          <params>
            <param index="0">
              <value>
                <![CDATA[koeluser03@testpro.io]]>
              </value>
            </param>
            <param index="1">
              <value>
                <![CDATA[te$t$tudent]]>
              </value>
            </param>
            <param index="2">
              <value>
                <![CDATA[CHROME]]>
              </value>
            </param>
            <param index="3">
              <value>
                <![CDATA[https://koelapp.testpro.io]]>
              </value>
            </param>
          </params>
          <reporter-output>
          </reporter-output>
        </test-method> <!-- startUp -->
        <test-method status="PASS" signature="createPlayList_PlayListCreated(java.lang.String, java.lang.String)[pri:0, instance:SeleniumTests.PlayListTests@1ed6388a]" name="createPlayList_PlayListCreated" duration-ms="2760" started-at="2020-07-10T19:29:48Z" finished-at="2020-07-10T19:29:51Z">
          <params>
            <param index="0">
              <value>
                <![CDATA[koeluser03@testpro.io]]>
              </value>
            </param>
            <param index="1">
              <value>
                <![CDATA[te$t$tudent]]>
              </value>
            </param>
          </params>
          <reporter-output>
          </reporter-output>
        </test-method> <!-- createPlayList_PlayListCreated -->
        <test-method status="PASS" signature="tearDown(org.testng.ITestResult)[pri:0, instance:SeleniumTests.PlayListTests@1ed6388a]" name="tearDown" is-config="true" duration-ms="166" started-at="2020-07-10T19:29:51Z" finished-at="2020-07-10T19:29:51Z">
          <params>
            <param index="0">
              <value>
                <![CDATA[[TestResult name=createPlayList_PlayListCreated status=SUCCESS method=PlayListTests.createPlayList_PlayListCreated(java.lang.String, java.lang.String)[pri:0, instance:SeleniumTests.PlayListTests@1ed6388a] output={null}]]]>
              </value>
            </param>
          </params>
          <reporter-output>
          </reporter-output>
        </test-method> <!-- tearDown -->
        <test-method status="PASS" signature="startUp(java.lang.String, java.lang.String, java.lang.String, java.lang.String)[pri:0, instance:SeleniumTests.PlayListTests@1ed6388a]" name="startUp" is-config="true" duration-ms="2322" started-at="2020-07-10T19:29:51Z" finished-at="2020-07-10T19:29:53Z">
          <params>
            <param index="0">
              <value>
                <![CDATA[koeluser03@testpro.io]]>
              </value>
            </param>
            <param index="1">
              <value>
                <![CDATA[te$t$tudent]]>
              </value>
            </param>
            <param index="2">
              <value>
                <![CDATA[CHROME]]>
              </value>
            </param>
            <param index="3">
              <value>
                <![CDATA[https://koelapp.testpro.io]]>
              </value>
            </param>
          </params>
          <reporter-output>
          </reporter-output>
        </test-method> <!-- startUp -->
        <test-method status="PASS" signature="createPlayList_PlayListCreated1(java.lang.String, java.lang.String)[pri:0, instance:SeleniumTests.PlayListTests@1ed6388a]" name="createPlayList_PlayListCreated1" duration-ms="2643" started-at="2020-07-10T19:29:53Z" finished-at="2020-07-10T19:29:56Z">
          <params>
            <param index="0">
              <value>
                <![CDATA[koeluser03@testpro.io]]>
              </value>
            </param>
            <param index="1">
              <value>
                <![CDATA[te$t$tudent]]>
              </value>
            </param>
          </params>
          <reporter-output>
          </reporter-output>
        </test-method> <!-- createPlayList_PlayListCreated1 -->
        <test-method status="PASS" signature="tearDown(org.testng.ITestResult)[pri:0, instance:SeleniumTests.PlayListTests@1ed6388a]" name="tearDown" is-config="true" duration-ms="116" started-at="2020-07-10T19:29:56Z" finished-at="2020-07-10T19:29:56Z">
          <params>
            <param index="0">
              <value>
                <![CDATA[[TestResult name=createPlayList_PlayListCreated1 status=SUCCESS method=PlayListTests.createPlayList_PlayListCreated1(java.lang.String, java.lang.String)[pri:0, instance:SeleniumTests.PlayListTests@1ed6388a] output={null}]]]>
              </value>
            </param>
          </params>
          <reporter-output>
          </reporter-output>
        </test-method> <!-- tearDown -->
        <test-method status="PASS" signature="startUp(java.lang.String, java.lang.String, java.lang.String, java.lang.String)[pri:0, instance:SeleniumTests.PlayListTests@1ed6388a]" name="startUp" is-config="true" duration-ms="2057" started-at="2020-07-10T19:29:56Z" finished-at="2020-07-10T19:29:58Z">
          <params>
            <param index="0">
              <value>
                <![CDATA[koeluser03@testpro.io]]>
              </value>
            </param>
            <param index="1">
              <value>
                <![CDATA[te$t$tudent]]>
              </value>
            </param>
            <param index="2">
              <value>
                <![CDATA[CHROME]]>
              </value>
            </param>
            <param index="3">
              <value>
                <![CDATA[https://koelapp.testpro.io]]>
              </value>
            </param>
          </params>
          <reporter-output>
          </reporter-output>
        </test-method> <!-- startUp -->
        <test-method status="PASS" signature="renamePlayList_PlayListCreated(java.lang.String, java.lang.String)[pri:0, instance:SeleniumTests.PlayListTests@1ed6388a]" name="renamePlayList_PlayListCreated" duration-ms="2924" started-at="2020-07-10T19:29:58Z" finished-at="2020-07-10T19:30:01Z">
          <params>
            <param index="0">
              <value>
                <![CDATA[koeluser03@testpro.io]]>
              </value>
            </param>
            <param index="1">
              <value>
                <![CDATA[te$t$tudent]]>
              </value>
            </param>
          </params>
          <reporter-output>
          </reporter-output>
        </test-method> <!-- renamePlayList_PlayListCreated -->
        <test-method status="PASS" signature="tearDown(org.testng.ITestResult)[pri:0, instance:SeleniumTests.PlayListTests@1ed6388a]" name="tearDown" is-config="true" duration-ms="75" started-at="2020-07-10T19:30:01Z" finished-at="2020-07-10T19:30:01Z">
          <params>
            <param index="0">
              <value>
                <![CDATA[[TestResult name=renamePlayList_PlayListCreated status=SUCCESS method=PlayListTests.renamePlayList_PlayListCreated(java.lang.String, java.lang.String)[pri:0, instance:SeleniumTests.PlayListTests@1ed6388a] output={null}]]]>
              </value>
            </param>
          </params>
          <reporter-output>
          </reporter-output>
        </test-method> <!-- tearDown -->
      </class> <!-- SeleniumTests.PlayListTests -->
      <class name="SeleniumTests.LoginTestNew">
        <test-method status="PASS" signature="startUp(java.lang.String, java.lang.String, java.lang.String, java.lang.String)[pri:0, instance:SeleniumTests.LoginTestNew@942a29c]" name="startUp" is-config="true" duration-ms="2779" started-at="2020-07-10T19:29:45Z" finished-at="2020-07-10T19:29:48Z">
          <params>
            <param index="0">
              <value>
                <![CDATA[koeluser03@testpro.io]]>
              </value>
            </param>
            <param index="1">
              <value>
                <![CDATA[te$t$tudent]]>
              </value>
            </param>
            <param index="2">
              <value>
                <![CDATA[CHROME]]>
              </value>
            </param>
            <param index="3">
              <value>
                <![CDATA[https://koelapp.testpro.io]]>
              </value>
            </param>
          </params>
          <reporter-output>
          </reporter-output>
        </test-method> <!-- startUp -->
        <test-method status="PASS" signature="loginTestCorrectCredentialsLoggedToApp5()[pri:0, instance:SeleniumTests.LoginTestNew@942a29c]" name="loginTestCorrectCredentialsLoggedToApp5" duration-ms="702" started-at="2020-07-10T19:29:48Z" finished-at="2020-07-10T19:29:49Z">
          <reporter-output>
          </reporter-output>
        </test-method> <!-- loginTestCorrectCredentialsLoggedToApp5 -->
        <test-method status="PASS" signature="tearDown(org.testng.ITestResult)[pri:0, instance:SeleniumTests.LoginTestNew@942a29c]" name="tearDown" is-config="true" duration-ms="170" started-at="2020-07-10T19:29:49Z" finished-at="2020-07-10T19:29:49Z">
          <params>
            <param index="0">
              <value>
                <![CDATA[[TestResult name=loginTestCorrectCredentialsLoggedToApp5 status=SUCCESS method=LoginTestNew.loginTestCorrectCredentialsLoggedToApp5()[pri:0, instance:SeleniumTests.LoginTestNew@942a29c] output={null}]]]>
              </value>
            </param>
          </params>
          <reporter-output>
          </reporter-output>
        </test-method> <!-- tearDown -->
        <test-method status="PASS" signature="startUp(java.lang.String, java.lang.String, java.lang.String, java.lang.String)[pri:0, instance:SeleniumTests.LoginTestNew@942a29c]" name="startUp" is-config="true" duration-ms="2031" started-at="2020-07-10T19:29:49Z" finished-at="2020-07-10T19:29:51Z">
          <params>
            <param index="0">
              <value>
                <![CDATA[koeluser03@testpro.io]]>
              </value>
            </param>
            <param index="1">
              <value>
                <![CDATA[te$t$tudent]]>
              </value>
            </param>
            <param index="2">
              <value>
                <![CDATA[CHROME]]>
              </value>
            </param>
            <param index="3">
              <value>
                <![CDATA[https://koelapp.testpro.io]]>
              </value>
            </param>
          </params>
          <reporter-output>
          </reporter-output>
        </test-method> <!-- startUp -->
        <test-method status="PASS" signature="loginTestCorrectCredentialsLoggedToApp6(java.lang.String, java.lang.String)[pri:0, instance:SeleniumTests.LoginTestNew@942a29c]" name="loginTestCorrectCredentialsLoggedToApp6" duration-ms="730" started-at="2020-07-10T19:29:51Z" finished-at="2020-07-10T19:29:52Z">
          <params>
            <param index="0">
              <value>
                <![CDATA[koeluser03@testpro.io]]>
              </value>
            </param>
            <param index="1">
              <value>
                <![CDATA[te$t$tudent]]>
              </value>
            </param>
          </params>
          <reporter-output>
          </reporter-output>
        </test-method> <!-- loginTestCorrectCredentialsLoggedToApp6 -->
        <test-method status="PASS" signature="tearDown(org.testng.ITestResult)[pri:0, instance:SeleniumTests.LoginTestNew@942a29c]" name="tearDown" is-config="true" duration-ms="72" started-at="2020-07-10T19:29:52Z" finished-at="2020-07-10T19:29:52Z">
          <params>
            <param index="0">
              <value>
                <![CDATA[[TestResult name=loginTestCorrectCredentialsLoggedToApp6 status=SUCCESS method=LoginTestNew.loginTestCorrectCredentialsLoggedToApp6(java.lang.String, java.lang.String)[pri:0, instance:SeleniumTests.LoginTestNew@942a29c] output={null}]]]>
              </value>
            </param>
          </params>
          <reporter-output>
          </reporter-output>
        </test-method> <!-- tearDown -->
        <test-method status="PASS" signature="startUp(java.lang.String, java.lang.String, java.lang.String, java.lang.String)[pri:0, instance:SeleniumTests.LoginTestNew@942a29c]" name="startUp" is-config="true" duration-ms="2092" started-at="2020-07-10T19:29:52Z" finished-at="2020-07-10T19:29:54Z">
          <params>
            <param index="0">
              <value>
                <![CDATA[koeluser03@testpro.io]]>
              </value>
            </param>
            <param index="1">
              <value>
                <![CDATA[te$t$tudent]]>
              </value>
            </param>
            <param index="2">
              <value>
                <![CDATA[CHROME]]>
              </value>
            </param>
            <param index="3">
              <value>
                <![CDATA[https://koelapp.testpro.io]]>
              </value>
            </param>
          </params>
          <reporter-output>
          </reporter-output>
        </test-method> <!-- startUp -->
        <test-method status="PASS" signature="loginTestCorrectCredentialsLoggedToApp7(java.lang.String, java.lang.String)[pri:0, instance:SeleniumTests.LoginTestNew@942a29c]" name="loginTestCorrectCredentialsLoggedToApp7" duration-ms="662" started-at="2020-07-10T19:29:54Z" finished-at="2020-07-10T19:29:54Z">
          <params>
            <param index="0">
              <value>
                <![CDATA[koeluser03@testpro.io]]>
              </value>
            </param>
            <param index="1">
              <value>
                <![CDATA[te$t$tudent]]>
              </value>
            </param>
          </params>
          <reporter-output>
          </reporter-output>
        </test-method> <!-- loginTestCorrectCredentialsLoggedToApp7 -->
        <test-method status="PASS" signature="tearDown(org.testng.ITestResult)[pri:0, instance:SeleniumTests.LoginTestNew@942a29c]" name="tearDown" is-config="true" duration-ms="91" started-at="2020-07-10T19:29:54Z" finished-at="2020-07-10T19:29:55Z">
          <params>
            <param index="0">
              <value>
                <![CDATA[[TestResult name=loginTestCorrectCredentialsLoggedToApp7 status=SUCCESS method=LoginTestNew.loginTestCorrectCredentialsLoggedToApp7(java.lang.String, java.lang.String)[pri:0, instance:SeleniumTests.LoginTestNew@942a29c] output={null}]]]>
              </value>
            </param>
          </params>
          <reporter-output>
          </reporter-output>
        </test-method> <!-- tearDown -->
        <test-method status="PASS" signature="startUp(java.lang.String, java.lang.String, java.lang.String, java.lang.String)[pri:0, instance:SeleniumTests.LoginTestNew@942a29c]" name="startUp" is-config="true" duration-ms="2452" started-at="2020-07-10T19:29:55Z" finished-at="2020-07-10T19:29:57Z">
          <params>
            <param index="0">
              <value>
                <![CDATA[koeluser03@testpro.io]]>
              </value>
            </param>
            <param index="1">
              <value>
                <![CDATA[te$t$tudent]]>
              </value>
            </param>
            <param index="2">
              <value>
                <![CDATA[CHROME]]>
              </value>
            </param>
            <param index="3">
              <value>
                <![CDATA[https://koelapp.testpro.io]]>
              </value>
            </param>
          </params>
          <reporter-output>
          </reporter-output>
        </test-method> <!-- startUp -->
        <test-method status="PASS" signature="loginTestCorrectCredentialsLoggedToApp8(java.lang.String, java.lang.String)[pri:0, instance:SeleniumTests.LoginTestNew@942a29c]" name="loginTestCorrectCredentialsLoggedToApp8" duration-ms="685" started-at="2020-07-10T19:29:57Z" finished-at="2020-07-10T19:29:58Z">
          <params>
            <param index="0">
              <value>
                <![CDATA[koeluser03@testpro.io]]>
              </value>
            </param>
            <param index="1">
              <value>
                <![CDATA[te$t$tudent]]>
              </value>
            </param>
          </params>
          <reporter-output>
          </reporter-output>
        </test-method> <!-- loginTestCorrectCredentialsLoggedToApp8 -->
        <test-method status="PASS" signature="tearDown(org.testng.ITestResult)[pri:0, instance:SeleniumTests.LoginTestNew@942a29c]" name="tearDown" is-config="true" duration-ms="215" started-at="2020-07-10T19:29:58Z" finished-at="2020-07-10T19:29:58Z">
          <params>
            <param index="0">
              <value>
                <![CDATA[[TestResult name=loginTestCorrectCredentialsLoggedToApp8 status=SUCCESS method=LoginTestNew.loginTestCorrectCredentialsLoggedToApp8(java.lang.String, java.lang.String)[pri:0, instance:SeleniumTests.LoginTestNew@942a29c] output={null}]]]>
              </value>
            </param>
          </params>
          <reporter-output>
          </reporter-output>
        </test-method> <!-- tearDown -->
        <test-method status="PASS" signature="startUp(java.lang.String, java.lang.String, java.lang.String, java.lang.String)[pri:0, instance:SeleniumTests.LoginTestNew@942a29c]" name="startUp" is-config="true" duration-ms="2161" started-at="2020-07-10T19:29:58Z" finished-at="2020-07-10T19:30:00Z">
          <params>
            <param index="0">
              <value>
                <![CDATA[koeluser03@testpro.io]]>
              </value>
            </param>
            <param index="1">
              <value>
                <![CDATA[te$t$tudent]]>
              </value>
            </param>
            <param index="2">
              <value>
                <![CDATA[CHROME]]>
              </value>
            </param>
            <param index="3">
              <value>
                <![CDATA[https://koelapp.testpro.io]]>
              </value>
            </param>
          </params>
          <reporter-output>
          </reporter-output>
        </test-method> <!-- startUp -->
        <test-method status="PASS" signature="loginTestCorrectCredentialsLoggedToApp9(java.lang.String, java.lang.String)[pri:0, instance:SeleniumTests.LoginTestNew@942a29c]" name="loginTestCorrectCredentialsLoggedToApp9" duration-ms="733" started-at="2020-07-10T19:30:00Z" finished-at="2020-07-10T19:30:01Z">
          <params>
            <param index="0">
              <value>
                <![CDATA[koeluser03@testpro.io]]>
              </value>
            </param>
            <param index="1">
              <value>
                <![CDATA[te$t$tudent]]>
              </value>
            </param>
          </params>
          <reporter-output>
          </reporter-output>
        </test-method> <!-- loginTestCorrectCredentialsLoggedToApp9 -->
        <test-method status="PASS" signature="tearDown(org.testng.ITestResult)[pri:0, instance:SeleniumTests.LoginTestNew@942a29c]" name="tearDown" is-config="true" duration-ms="65" started-at="2020-07-10T19:30:01Z" finished-at="2020-07-10T19:30:01Z">
          <params>
            <param index="0">
              <value>
                <![CDATA[[TestResult name=loginTestCorrectCredentialsLoggedToApp9 status=SUCCESS method=LoginTestNew.loginTestCorrectCredentialsLoggedToApp9(java.lang.String, java.lang.String)[pri:0, instance:SeleniumTests.LoginTestNew@942a29c] output={null}]]]>
              </value>
            </param>
          </params>
          <reporter-output>
          </reporter-output>
        </test-method> <!-- tearDown -->
      </class> <!-- SeleniumTests.LoginTestNew -->
      <class name="SeleniumTests.PlayListTestsNew">
        <test-method status="PASS" signature="startUp(java.lang.String, java.lang.String, java.lang.String, java.lang.String)[pri:0, instance:SeleniumTests.PlayListTestsNew@5a45133e]" name="startUp" is-config="true" duration-ms="2811" started-at="2020-07-10T19:29:45Z" finished-at="2020-07-10T19:29:48Z">
          <params>
            <param index="0">
              <value>
                <![CDATA[koeluser03@testpro.io]]>
              </value>
            </param>
            <param index="1">
              <value>
                <![CDATA[te$t$tudent]]>
              </value>
            </param>
            <param index="2">
              <value>
                <![CDATA[CHROME]]>
              </value>
            </param>
            <param index="3">
              <value>
                <![CDATA[https://koelapp.testpro.io]]>
              </value>
            </param>
          </params>
          <reporter-output>
          </reporter-output>
        </test-method> <!-- startUp -->
        <test-method status="PASS" signature="createPlayList_PlayListCreated2(java.lang.String, java.lang.String)[pri:0, instance:SeleniumTests.PlayListTestsNew@5a45133e]" name="createPlayList_PlayListCreated2" duration-ms="2783" started-at="2020-07-10T19:29:48Z" finished-at="2020-07-10T19:29:51Z">
          <params>
            <param index="0">
              <value>
                <![CDATA[koeluser03@testpro.io]]>
              </value>
            </param>
            <param index="1">
              <value>
                <![CDATA[te$t$tudent]]>
              </value>
            </param>
          </params>
          <reporter-output>
          </reporter-output>
        </test-method> <!-- createPlayList_PlayListCreated2 -->
        <test-method status="PASS" signature="tearDown(org.testng.ITestResult)[pri:0, instance:SeleniumTests.PlayListTestsNew@5a45133e]" name="tearDown" is-config="true" duration-ms="65" started-at="2020-07-10T19:29:51Z" finished-at="2020-07-10T19:29:51Z">
          <params>
            <param index="0">
              <value>
                <![CDATA[[TestResult name=createPlayList_PlayListCreated2 status=SUCCESS method=PlayListTestsNew.createPlayList_PlayListCreated2(java.lang.String, java.lang.String)[pri:0, instance:SeleniumTests.PlayListTestsNew@5a45133e] output={null}]]]>
              </value>
            </param>
          </params>
          <reporter-output>
          </reporter-output>
        </test-method> <!-- tearDown -->
        <test-method status="PASS" signature="startUp(java.lang.String, java.lang.String, java.lang.String, java.lang.String)[pri:0, instance:SeleniumTests.PlayListTestsNew@5a45133e]" name="startUp" is-config="true" duration-ms="2474" started-at="2020-07-10T19:29:51Z" finished-at="2020-07-10T19:29:53Z">
          <params>
            <param index="0">
              <value>
                <![CDATA[koeluser03@testpro.io]]>
              </value>
            </param>
            <param index="1">
              <value>
                <![CDATA[te$t$tudent]]>
              </value>
            </param>
            <param index="2">
              <value>
                <![CDATA[CHROME]]>
              </value>
            </param>
            <param index="3">
              <value>
                <![CDATA[https://koelapp.testpro.io]]>
              </value>
            </param>
          </params>
          <reporter-output>
          </reporter-output>
        </test-method> <!-- startUp -->
        <test-method status="PASS" signature="createPlayList_PlayListCreated3(java.lang.String, java.lang.String)[pri:0, instance:SeleniumTests.PlayListTestsNew@5a45133e]" name="createPlayList_PlayListCreated3" duration-ms="2723" started-at="2020-07-10T19:29:53Z" finished-at="2020-07-10T19:29:56Z">
          <params>
            <param index="0">
              <value>
                <![CDATA[koeluser03@testpro.io]]>
              </value>
            </param>
            <param index="1">
              <value>
                <![CDATA[te$t$tudent]]>
              </value>
            </param>
          </params>
          <reporter-output>
          </reporter-output>
        </test-method> <!-- createPlayList_PlayListCreated3 -->
        <test-method status="PASS" signature="tearDown(org.testng.ITestResult)[pri:0, instance:SeleniumTests.PlayListTestsNew@5a45133e]" name="tearDown" is-config="true" duration-ms="118" started-at="2020-07-10T19:29:56Z" finished-at="2020-07-10T19:29:56Z">
          <params>
            <param index="0">
              <value>
                <![CDATA[[TestResult name=createPlayList_PlayListCreated3 status=SUCCESS method=PlayListTestsNew.createPlayList_PlayListCreated3(java.lang.String, java.lang.String)[pri:0, instance:SeleniumTests.PlayListTestsNew@5a45133e] output={null}]]]>
              </value>
            </param>
          </params>
          <reporter-output>
          </reporter-output>
        </test-method> <!-- tearDown -->
        <test-method status="PASS" signature="startUp(java.lang.String, java.lang.String, java.lang.String, java.lang.String)[pri:0, instance:SeleniumTests.PlayListTestsNew@5a45133e]" name="startUp" is-config="true" duration-ms="2483" started-at="2020-07-10T19:29:56Z" finished-at="2020-07-10T19:29:59Z">
          <params>
            <param index="0">
              <value>
                <![CDATA[koeluser03@testpro.io]]>
              </value>
            </param>
            <param index="1">
              <value>
                <![CDATA[te$t$tudent]]>
              </value>
            </param>
            <param index="2">
              <value>
                <![CDATA[CHROME]]>
              </value>
            </param>
            <param index="3">
              <value>
                <![CDATA[https://koelapp.testpro.io]]>
              </value>
            </param>
          </params>
          <reporter-output>
          </reporter-output>
        </test-method> <!-- startUp -->
        <test-method status="PASS" signature="renamePlayList_PlayListCreated2(java.lang.String, java.lang.String)[pri:0, instance:SeleniumTests.PlayListTestsNew@5a45133e]" name="renamePlayList_PlayListCreated2" duration-ms="3022" started-at="2020-07-10T19:29:59Z" finished-at="2020-07-10T19:30:02Z">
          <params>
            <param index="0">
              <value>
                <![CDATA[koeluser03@testpro.io]]>
              </value>
            </param>
            <param index="1">
              <value>
                <![CDATA[te$t$tudent]]>
              </value>
            </param>
          </params>
          <reporter-output>
          </reporter-output>
        </test-method> <!-- renamePlayList_PlayListCreated2 -->
        <test-method status="PASS" signature="tearDown(org.testng.ITestResult)[pri:0, instance:SeleniumTests.PlayListTestsNew@5a45133e]" name="tearDown" is-config="true" duration-ms="66" started-at="2020-07-10T19:30:02Z" finished-at="2020-07-10T19:30:02Z">
          <params>
            <param index="0">
              <value>
                <![CDATA[[TestResult name=renamePlayList_PlayListCreated2 status=SUCCESS method=PlayListTestsNew.renamePlayList_PlayListCreated2(java.lang.String, java.lang.String)[pri:0, instance:SeleniumTests.PlayListTestsNew@5a45133e] output={null}]]]>
              </value>
            </param>
          </params>
          <reporter-output>
          </reporter-output>
        </test-method> <!-- tearDown -->
        <test-method status="PASS" signature="startUp(java.lang.String, java.lang.String, java.lang.String, java.lang.String)[pri:0, instance:SeleniumTests.PlayListTestsNew@5a45133e]" name="startUp" is-config="true" duration-ms="1961" started-at="2020-07-10T19:30:02Z" finished-at="2020-07-10T19:30:04Z">
          <params>
            <param index="0">
              <value>
                <![CDATA[koeluser03@testpro.io]]>
              </value>
            </param>
            <param index="1">
              <value>
                <![CDATA[te$t$tudent]]>
              </value>
            </param>
            <param index="2">
              <value>
                <![CDATA[CHROME]]>
              </value>
            </param>
            <param index="3">
              <value>
                <![CDATA[https://koelapp.testpro.io]]>
              </value>
            </param>
          </params>
          <reporter-output>
          </reporter-output>
        </test-method> <!-- startUp -->
        <test-method status="PASS" signature="renamePlayList_PlayListCreated3(java.lang.String, java.lang.String)[pri:0, instance:SeleniumTests.PlayListTestsNew@5a45133e]" name="renamePlayList_PlayListCreated3" duration-ms="2922" started-at="2020-07-10T19:30:04Z" finished-at="2020-07-10T19:30:07Z">
          <params>
            <param index="0">
              <value>
                <![CDATA[koeluser03@testpro.io]]>
              </value>
            </param>
            <param index="1">
              <value>
                <![CDATA[te$t$tudent]]>
              </value>
            </param>
          </params>
          <reporter-output>
          </reporter-output>
        </test-method> <!-- renamePlayList_PlayListCreated3 -->
        <test-method status="PASS" signature="tearDown(org.testng.ITestResult)[pri:0, instance:SeleniumTests.PlayListTestsNew@5a45133e]" name="tearDown" is-config="true" duration-ms="66" started-at="2020-07-10T19:30:07Z" finished-at="2020-07-10T19:30:07Z">
          <params>
            <param index="0">
              <value>
                <![CDATA[[TestResult name=renamePlayList_PlayListCreated3 status=SUCCESS method=PlayListTestsNew.renamePlayList_PlayListCreated3(java.lang.String, java.lang.String)[pri:0, instance:SeleniumTests.PlayListTestsNew@5a45133e] output={null}]]]>
              </value>
            </param>
          </params>
          <reporter-output>
          </reporter-output>
        </test-method> <!-- tearDown -->
      </class> <!-- SeleniumTests.PlayListTestsNew -->
    </test> <!-- All tests -->
  </suite> <!-- Master Suite -->
</testng-results>
