<?xml version="1.0" encoding="UTF-8"?>
<testng-results skipped="0" failed="0" ignored="2" total="19" passed="17">
  <reporter-output>
  </reporter-output>
  <suite name="Master Suite" duration-ms="22392" started-at="2020-07-11T02:24:17Z" finished-at="2020-07-11T02:24:39Z">
    <groups>
    </groups>
    <test name="All tests" duration-ms="22392" started-at="2020-07-11T02:24:17Z" finished-at="2020-07-11T02:24:39Z">
      <class name="SeleniumTests.LoginTest">
        <test-method status="PASS" signature="startUp(java.lang.String, java.lang.String, java.lang.String, java.lang.String)[pri:0, instance:SeleniumTests.LoginTest@3527942a]" name="startUp" is-config="true" duration-ms="2939" started-at="2020-07-10T19:24:17Z" finished-at="2020-07-10T19:24:20Z">
          <params>
            <param index="0">
              <value>
                <![CDATA[koeluser03@testpro.io]]>
              </value>
            </param>
            <param index="1">
              <value>
                <![CDATA[te$t$tudent]]>
              </value>
            </param>
            <param index="2">
              <value>
                <![CDATA[CHROME]]>
              </value>
            </param>
            <param index="3">
              <value>
                <![CDATA[https://koelapp.testpro.io]]>
              </value>
            </param>
          </params>
          <reporter-output>
          </reporter-output>
        </test-method> <!-- startUp -->
        <test-method status="PASS" signature="loginTestCorrectCredentialsLoggedToApp(java.lang.String, java.lang.String)[pri:0, instance:SeleniumTests.LoginTest@3527942a]" name="loginTestCorrectCredentialsLoggedToApp" duration-ms="928" started-at="2020-07-10T19:24:20Z" finished-at="2020-07-10T19:24:21Z">
          <params>
            <param index="0">
              <value>
                <![CDATA[koeluser12222@testpro.io]]>
              </value>
            </param>
            <param index="1">
              <value>
                <![CDATA[teststudent]]>
              </value>
            </param>
          </params>
          <reporter-output>
          </reporter-output>
        </test-method> <!-- loginTestCorrectCredentialsLoggedToApp -->
        <test-method status="PASS" signature="tearDown(org.testng.ITestResult)[pri:0, instance:SeleniumTests.LoginTest@3527942a]" name="tearDown" is-config="true" duration-ms="116" started-at="2020-07-10T19:24:21Z" finished-at="2020-07-10T19:24:21Z">
          <params>
            <param index="0">
              <value>
                <![CDATA[[TestResult name=loginTestCorrectCredentialsLoggedToApp status=SUCCESS method=LoginTest.loginTestCorrectCredentialsLoggedToApp(java.lang.String, java.lang.String)[pri:0, instance:SeleniumTests.LoginTest@3527942a] output={null}]]]>
              </value>
            </param>
          </params>
          <reporter-output>
          </reporter-output>
        </test-method> <!-- tearDown -->
        <test-method status="PASS" signature="startUp(java.lang.String, java.lang.String, java.lang.String, java.lang.String)[pri:0, instance:SeleniumTests.LoginTest@3527942a]" name="startUp" is-config="true" duration-ms="3196" started-at="2020-07-10T19:24:21Z" finished-at="2020-07-10T19:24:24Z">
          <params>
            <param index="0">
              <value>
                <![CDATA[koeluser03@testpro.io]]>
              </value>
            </param>
            <param index="1">
              <value>
                <![CDATA[te$t$tudent]]>
              </value>
            </param>
            <param index="2">
              <value>
                <![CDATA[CHROME]]>
              </value>
            </param>
            <param index="3">
              <value>
                <![CDATA[https://koelapp.testpro.io]]>
              </value>
            </param>
          </params>
          <reporter-output>
          </reporter-output>
        </test-method> <!-- startUp -->
        <test-method status="PASS" signature="loginTestCorrectCredentialsLoggedToApp1(java.lang.String, java.lang.String)[pri:0, instance:SeleniumTests.LoginTest@3527942a]" name="loginTestCorrectCredentialsLoggedToApp1" duration-ms="747" started-at="2020-07-10T19:24:24Z" finished-at="2020-07-10T19:24:25Z">
          <params>
            <param index="0">
              <value>
                <![CDATA[koeluser03@testpro.io]]>
              </value>
            </param>
            <param index="1">
              <value>
                <![CDATA[te$t$tudent]]>
              </value>
            </param>
          </params>
          <reporter-output>
          </reporter-output>
        </test-method> <!-- loginTestCorrectCredentialsLoggedToApp1 -->
        <test-method status="PASS" signature="tearDown(org.testng.ITestResult)[pri:0, instance:SeleniumTests.LoginTest@3527942a]" name="tearDown" is-config="true" duration-ms="65" started-at="2020-07-10T19:24:25Z" finished-at="2020-07-10T19:24:25Z">
          <params>
            <param index="0">
              <value>
                <![CDATA[[TestResult name=loginTestCorrectCredentialsLoggedToApp1 status=SUCCESS method=LoginTest.loginTestCorrectCredentialsLoggedToApp1(java.lang.String, java.lang.String)[pri:0, instance:SeleniumTests.LoginTest@3527942a] output={null}]]]>
              </value>
            </param>
          </params>
          <reporter-output>
          </reporter-output>
        </test-method> <!-- tearDown -->
        <test-method status="PASS" signature="startUp(java.lang.String, java.lang.String, java.lang.String, java.lang.String)[pri:0, instance:SeleniumTests.LoginTest@3527942a]" name="startUp" is-config="true" duration-ms="2487" started-at="2020-07-10T19:24:25Z" finished-at="2020-07-10T19:24:27Z">
          <params>
            <param index="0">
              <value>
                <![CDATA[koeluser03@testpro.io]]>
              </value>
            </param>
            <param index="1">
              <value>
                <![CDATA[te$t$tudent]]>
              </value>
            </param>
            <param index="2">
              <value>
                <![CDATA[CHROME]]>
              </value>
            </param>
            <param index="3">
              <value>
                <![CDATA[https://koelapp.testpro.io]]>
              </value>
            </param>
          </params>
          <reporter-output>
          </reporter-output>
        </test-method> <!-- startUp -->
        <test-method status="PASS" signature="loginTestCorrectCredentialsLoggedToApp2(java.lang.String, java.lang.String)[pri:0, instance:SeleniumTests.LoginTest@3527942a]" name="loginTestCorrectCredentialsLoggedToApp2" duration-ms="905" started-at="2020-07-10T19:24:27Z" finished-at="2020-07-10T19:24:28Z">
          <params>
            <param index="0">
              <value>
                <![CDATA[koeluser03@testpro.io]]>
              </value>
            </param>
            <param index="1">
              <value>
                <![CDATA[te$t$tudent]]>
              </value>
            </param>
          </params>
          <reporter-output>
          </reporter-output>
        </test-method> <!-- loginTestCorrectCredentialsLoggedToApp2 -->
        <test-method status="PASS" signature="tearDown(org.testng.ITestResult)[pri:0, instance:SeleniumTests.LoginTest@3527942a]" name="tearDown" is-config="true" duration-ms="67" started-at="2020-07-10T19:24:28Z" finished-at="2020-07-10T19:24:28Z">
          <params>
            <param index="0">
              <value>
                <![CDATA[[TestResult name=loginTestCorrectCredentialsLoggedToApp2 status=SUCCESS method=LoginTest.loginTestCorrectCredentialsLoggedToApp2(java.lang.String, java.lang.String)[pri:0, instance:SeleniumTests.LoginTest@3527942a] output={null}]]]>
              </value>
            </param>
          </params>
          <reporter-output>
          </reporter-output>
        </test-method> <!-- tearDown -->
        <test-method status="PASS" signature="startUp(java.lang.String, java.lang.String, java.lang.String, java.lang.String)[pri:0, instance:SeleniumTests.LoginTest@3527942a]" name="startUp" is-config="true" duration-ms="2563" started-at="2020-07-10T19:24:28Z" finished-at="2020-07-10T19:24:31Z">
          <params>
            <param index="0">
              <value>
                <![CDATA[koeluser03@testpro.io]]>
              </value>
            </param>
            <param index="1">
              <value>
                <![CDATA[te$t$tudent]]>
              </value>
            </param>
            <param index="2">
              <value>
                <![CDATA[CHROME]]>
              </value>
            </param>
            <param index="3">
              <value>
                <![CDATA[https://koelapp.testpro.io]]>
              </value>
            </param>
          </params>
          <reporter-output>
          </reporter-output>
        </test-method> <!-- startUp -->
        <test-method status="PASS" signature="loginTestCorrectCredentialsLoggedToApp3(java.lang.String, java.lang.String)[pri:0, instance:SeleniumTests.LoginTest@3527942a]" name="loginTestCorrectCredentialsLoggedToApp3" duration-ms="672" started-at="2020-07-10T19:24:31Z" finished-at="2020-07-10T19:24:31Z">
          <params>
            <param index="0">
              <value>
                <![CDATA[koeluser03@testpro.io]]>
              </value>
            </param>
            <param index="1">
              <value>
                <![CDATA[te$t$tudent]]>
              </value>
            </param>
          </params>
          <reporter-output>
          </reporter-output>
        </test-method> <!-- loginTestCorrectCredentialsLoggedToApp3 -->
        <test-method status="PASS" signature="tearDown(org.testng.ITestResult)[pri:0, instance:SeleniumTests.LoginTest@3527942a]" name="tearDown" is-config="true" duration-ms="66" started-at="2020-07-10T19:24:31Z" finished-at="2020-07-10T19:24:31Z">
          <params>
            <param index="0">
              <value>
                <![CDATA[[TestResult name=loginTestCorrectCredentialsLoggedToApp3 status=SUCCESS method=LoginTest.loginTestCorrectCredentialsLoggedToApp3(java.lang.String, java.lang.String)[pri:0, instance:SeleniumTests.LoginTest@3527942a] output={null}]]]>
              </value>
            </param>
          </params>
          <reporter-output>
          </reporter-output>
        </test-method> <!-- tearDown -->
        <test-method status="PASS" signature="startUp(java.lang.String, java.lang.String, java.lang.String, java.lang.String)[pri:0, instance:SeleniumTests.LoginTest@3527942a]" name="startUp" is-config="true" duration-ms="2363" started-at="2020-07-10T19:24:31Z" finished-at="2020-07-10T19:24:34Z">
          <params>
            <param index="0">
              <value>
                <![CDATA[koeluser03@testpro.io]]>
              </value>
            </param>
            <param index="1">
              <value>
                <![CDATA[te$t$tudent]]>
              </value>
            </param>
            <param index="2">
              <value>
                <![CDATA[CHROME]]>
              </value>
            </param>
            <param index="3">
              <value>
                <![CDATA[https://koelapp.testpro.io]]>
              </value>
            </param>
          </params>
          <reporter-output>
          </reporter-output>
        </test-method> <!-- startUp -->
        <test-method status="PASS" signature="loginTestCorrectCredentialsLoggedToApp4(java.lang.String, java.lang.String)[pri:0, instance:SeleniumTests.LoginTest@3527942a]" name="loginTestCorrectCredentialsLoggedToApp4" duration-ms="704" started-at="2020-07-10T19:24:34Z" finished-at="2020-07-10T19:24:35Z">
          <params>
            <param index="0">
              <value>
                <![CDATA[koeluser03@testpro.io]]>
              </value>
            </param>
            <param index="1">
              <value>
                <![CDATA[te$t$tudent]]>
              </value>
            </param>
          </params>
          <reporter-output>
          </reporter-output>
        </test-method> <!-- loginTestCorrectCredentialsLoggedToApp4 -->
        <test-method status="PASS" signature="tearDown(org.testng.ITestResult)[pri:0, instance:SeleniumTests.LoginTest@3527942a]" name="tearDown" is-config="true" duration-ms="64" started-at="2020-07-10T19:24:35Z" finished-at="2020-07-10T19:24:35Z">
          <params>
            <param index="0">
              <value>
                <![CDATA[[TestResult name=loginTestCorrectCredentialsLoggedToApp4 status=SUCCESS method=LoginTest.loginTestCorrectCredentialsLoggedToApp4(java.lang.String, java.lang.String)[pri:0, instance:SeleniumTests.LoginTest@3527942a] output={null}]]]>
              </value>
            </param>
          </params>
          <reporter-output>
          </reporter-output>
        </test-method> <!-- tearDown -->
      </class> <!-- SeleniumTests.LoginTest -->
      <class name="SeleniumTests.PlayListTests">
        <test-method status="PASS" signature="startUp(java.lang.String, java.lang.String, java.lang.String, java.lang.String)[pri:0, instance:SeleniumTests.PlayListTests@1ed6388a]" name="startUp" is-config="true" duration-ms="2976" started-at="2020-07-10T19:24:17Z" finished-at="2020-07-10T19:24:20Z">
          <params>
            <param index="0">
              <value>
                <![CDATA[koeluser03@testpro.io]]>
              </value>
            </param>
            <param index="1">
              <value>
                <![CDATA[te$t$tudent]]>
              </value>
            </param>
            <param index="2">
              <value>
                <![CDATA[CHROME]]>
              </value>
            </param>
            <param index="3">
              <value>
                <![CDATA[https://koelapp.testpro.io]]>
              </value>
            </param>
          </params>
          <reporter-output>
          </reporter-output>
        </test-method> <!-- startUp -->
        <test-method status="PASS" signature="createPlayList_PlayListCreated(java.lang.String, java.lang.String)[pri:0, instance:SeleniumTests.PlayListTests@1ed6388a]" name="createPlayList_PlayListCreated" duration-ms="2934" started-at="2020-07-10T19:24:20Z" finished-at="2020-07-10T19:24:23Z">
          <params>
            <param index="0">
              <value>
                <![CDATA[koeluser03@testpro.io]]>
              </value>
            </param>
            <param index="1">
              <value>
                <![CDATA[te$t$tudent]]>
              </value>
            </param>
          </params>
          <reporter-output>
          </reporter-output>
        </test-method> <!-- createPlayList_PlayListCreated -->
        <test-method status="PASS" signature="tearDown(org.testng.ITestResult)[pri:0, instance:SeleniumTests.PlayListTests@1ed6388a]" name="tearDown" is-config="true" duration-ms="66" started-at="2020-07-10T19:24:23Z" finished-at="2020-07-10T19:24:23Z">
          <params>
            <param index="0">
              <value>
                <![CDATA[[TestResult name=createPlayList_PlayListCreated status=SUCCESS method=PlayListTests.createPlayList_PlayListCreated(java.lang.String, java.lang.String)[pri:0, instance:SeleniumTests.PlayListTests@1ed6388a] output={null}]]]>
              </value>
            </param>
          </params>
          <reporter-output>
          </reporter-output>
        </test-method> <!-- tearDown -->
        <test-method status="PASS" signature="startUp(java.lang.String, java.lang.String, java.lang.String, java.lang.String)[pri:0, instance:SeleniumTests.PlayListTests@1ed6388a]" name="startUp" is-config="true" duration-ms="3132" started-at="2020-07-10T19:24:23Z" finished-at="2020-07-10T19:24:26Z">
          <params>
            <param index="0">
              <value>
                <![CDATA[koeluser03@testpro.io]]>
              </value>
            </param>
            <param index="1">
              <value>
                <![CDATA[te$t$tudent]]>
              </value>
            </param>
            <param index="2">
              <value>
                <![CDATA[CHROME]]>
              </value>
            </param>
            <param index="3">
              <value>
                <![CDATA[https://koelapp.testpro.io]]>
              </value>
            </param>
          </params>
          <reporter-output>
          </reporter-output>
        </test-method> <!-- startUp -->
        <test-method status="PASS" signature="createPlayList_PlayListCreated1(java.lang.String, java.lang.String)[pri:0, instance:SeleniumTests.PlayListTests@1ed6388a]" name="createPlayList_PlayListCreated1" duration-ms="2896" started-at="2020-07-10T19:24:26Z" finished-at="2020-07-10T19:24:29Z">
          <params>
            <param index="0">
              <value>
                <![CDATA[koeluser03@testpro.io]]>
              </value>
            </param>
            <param index="1">
              <value>
                <![CDATA[te$t$tudent]]>
              </value>
            </param>
          </params>
          <reporter-output>
          </reporter-output>
        </test-method> <!-- createPlayList_PlayListCreated1 -->
        <test-method status="PASS" signature="tearDown(org.testng.ITestResult)[pri:0, instance:SeleniumTests.PlayListTests@1ed6388a]" name="tearDown" is-config="true" duration-ms="66" started-at="2020-07-10T19:24:29Z" finished-at="2020-07-10T19:24:29Z">
          <params>
            <param index="0">
              <value>
                <![CDATA[[TestResult name=createPlayList_PlayListCreated1 status=SUCCESS method=PlayListTests.createPlayList_PlayListCreated1(java.lang.String, java.lang.String)[pri:0, instance:SeleniumTests.PlayListTests@1ed6388a] output={null}]]]>
              </value>
            </param>
          </params>
          <reporter-output>
          </reporter-output>
        </test-method> <!-- tearDown -->
        <test-method status="PASS" signature="startUp(java.lang.String, java.lang.String, java.lang.String, java.lang.String)[pri:0, instance:SeleniumTests.PlayListTests@1ed6388a]" name="startUp" is-config="true" duration-ms="2043" started-at="2020-07-10T19:24:29Z" finished-at="2020-07-10T19:24:31Z">
          <params>
            <param index="0">
              <value>
                <![CDATA[koeluser03@testpro.io]]>
              </value>
            </param>
            <param index="1">
              <value>
                <![CDATA[te$t$tudent]]>
              </value>
            </param>
            <param index="2">
              <value>
                <![CDATA[CHROME]]>
              </value>
            </param>
            <param index="3">
              <value>
                <![CDATA[https://koelapp.testpro.io]]>
              </value>
            </param>
          </params>
          <reporter-output>
          </reporter-output>
        </test-method> <!-- startUp -->
        <test-method status="PASS" signature="renamePlayList_PlayListCreated(java.lang.String, java.lang.String)[pri:0, instance:SeleniumTests.PlayListTests@1ed6388a]" name="renamePlayList_PlayListCreated" duration-ms="3140" started-at="2020-07-10T19:24:31Z" finished-at="2020-07-10T19:24:34Z">
          <params>
            <param index="0">
              <value>
                <![CDATA[koeluser03@testpro.io]]>
              </value>
            </param>
            <param index="1">
              <value>
                <![CDATA[te$t$tudent]]>
              </value>
            </param>
          </params>
          <reporter-output>
          </reporter-output>
        </test-method> <!-- renamePlayList_PlayListCreated -->
        <test-method status="PASS" signature="tearDown(org.testng.ITestResult)[pri:0, instance:SeleniumTests.PlayListTests@1ed6388a]" name="tearDown" is-config="true" duration-ms="114" started-at="2020-07-10T19:24:34Z" finished-at="2020-07-10T19:24:34Z">
          <params>
            <param index="0">
              <value>
                <![CDATA[[TestResult name=renamePlayList_PlayListCreated status=SUCCESS method=PlayListTests.renamePlayList_PlayListCreated(java.lang.String, java.lang.String)[pri:0, instance:SeleniumTests.PlayListTests@1ed6388a] output={null}]]]>
              </value>
            </param>
          </params>
          <reporter-output>
          </reporter-output>
        </test-method> <!-- tearDown -->
      </class> <!-- SeleniumTests.PlayListTests -->
      <class name="SeleniumTests.LoginTestNew">
        <test-method status="PASS" signature="startUp(java.lang.String, java.lang.String, java.lang.String, java.lang.String)[pri:0, instance:SeleniumTests.LoginTestNew@942a29c]" name="startUp" is-config="true" duration-ms="2943" started-at="2020-07-10T19:24:17Z" finished-at="2020-07-10T19:24:20Z">
          <params>
            <param index="0">
              <value>
                <![CDATA[koeluser03@testpro.io]]>
              </value>
            </param>
            <param index="1">
              <value>
                <![CDATA[te$t$tudent]]>
              </value>
            </param>
            <param index="2">
              <value>
                <![CDATA[CHROME]]>
              </value>
            </param>
            <param index="3">
              <value>
                <![CDATA[https://koelapp.testpro.io]]>
              </value>
            </param>
          </params>
          <reporter-output>
          </reporter-output>
        </test-method> <!-- startUp -->
        <test-method status="PASS" signature="loginTestCorrectCredentialsLoggedToApp5()[pri:0, instance:SeleniumTests.LoginTestNew@942a29c]" name="loginTestCorrectCredentialsLoggedToApp5" duration-ms="934" started-at="2020-07-10T19:24:20Z" finished-at="2020-07-10T19:24:21Z">
          <reporter-output>
          </reporter-output>
        </test-method> <!-- loginTestCorrectCredentialsLoggedToApp5 -->
        <test-method status="PASS" signature="tearDown(org.testng.ITestResult)[pri:0, instance:SeleniumTests.LoginTestNew@942a29c]" name="tearDown" is-config="true" duration-ms="68" started-at="2020-07-10T19:24:21Z" finished-at="2020-07-10T19:24:21Z">
          <params>
            <param index="0">
              <value>
                <![CDATA[[TestResult name=loginTestCorrectCredentialsLoggedToApp5 status=SUCCESS method=LoginTestNew.loginTestCorrectCredentialsLoggedToApp5()[pri:0, instance:SeleniumTests.LoginTestNew@942a29c] output={null}]]]>
              </value>
            </param>
          </params>
          <reporter-output>
          </reporter-output>
        </test-method> <!-- tearDown -->
        <test-method status="PASS" signature="startUp(java.lang.String, java.lang.String, java.lang.String, java.lang.String)[pri:0, instance:SeleniumTests.LoginTestNew@942a29c]" name="startUp" is-config="true" duration-ms="3236" started-at="2020-07-10T19:24:21Z" finished-at="2020-07-10T19:24:24Z">
          <params>
            <param index="0">
              <value>
                <![CDATA[koeluser03@testpro.io]]>
              </value>
            </param>
            <param index="1">
              <value>
                <![CDATA[te$t$tudent]]>
              </value>
            </param>
            <param index="2">
              <value>
                <![CDATA[CHROME]]>
              </value>
            </param>
            <param index="3">
              <value>
                <![CDATA[https://koelapp.testpro.io]]>
              </value>
            </param>
          </params>
          <reporter-output>
          </reporter-output>
        </test-method> <!-- startUp -->
        <test-method status="PASS" signature="loginTestCorrectCredentialsLoggedToApp6(java.lang.String, java.lang.String)[pri:0, instance:SeleniumTests.LoginTestNew@942a29c]" name="loginTestCorrectCredentialsLoggedToApp6" duration-ms="743" started-at="2020-07-10T19:24:24Z" finished-at="2020-07-10T19:24:25Z">
          <params>
            <param index="0">
              <value>
                <![CDATA[koeluser03@testpro.io]]>
              </value>
            </param>
            <param index="1">
              <value>
                <![CDATA[te$t$tudent]]>
              </value>
            </param>
          </params>
          <reporter-output>
          </reporter-output>
        </test-method> <!-- loginTestCorrectCredentialsLoggedToApp6 -->
        <test-method status="PASS" signature="tearDown(org.testng.ITestResult)[pri:0, instance:SeleniumTests.LoginTestNew@942a29c]" name="tearDown" is-config="true" duration-ms="70" started-at="2020-07-10T19:24:25Z" finished-at="2020-07-10T19:24:25Z">
          <params>
            <param index="0">
              <value>
                <![CDATA[[TestResult name=loginTestCorrectCredentialsLoggedToApp6 status=SUCCESS method=LoginTestNew.loginTestCorrectCredentialsLoggedToApp6(java.lang.String, java.lang.String)[pri:0, instance:SeleniumTests.LoginTestNew@942a29c] output={null}]]]>
              </value>
            </param>
          </params>
          <reporter-output>
          </reporter-output>
        </test-method> <!-- tearDown -->
        <test-method status="PASS" signature="startUp(java.lang.String, java.lang.String, java.lang.String, java.lang.String)[pri:0, instance:SeleniumTests.LoginTestNew@942a29c]" name="startUp" is-config="true" duration-ms="2526" started-at="2020-07-10T19:24:25Z" finished-at="2020-07-10T19:24:27Z">
          <params>
            <param index="0">
              <value>
                <![CDATA[koeluser03@testpro.io]]>
              </value>
            </param>
            <param index="1">
              <value>
                <![CDATA[te$t$tudent]]>
              </value>
            </param>
            <param index="2">
              <value>
                <![CDATA[CHROME]]>
              </value>
            </param>
            <param index="3">
              <value>
                <![CDATA[https://koelapp.testpro.io]]>
              </value>
            </param>
          </params>
          <reporter-output>
          </reporter-output>
        </test-method> <!-- startUp -->
        <test-method status="PASS" signature="loginTestCorrectCredentialsLoggedToApp7(java.lang.String, java.lang.String)[pri:0, instance:SeleniumTests.LoginTestNew@942a29c]" name="loginTestCorrectCredentialsLoggedToApp7" duration-ms="939" started-at="2020-07-10T19:24:27Z" finished-at="2020-07-10T19:24:28Z">
          <params>
            <param index="0">
              <value>
                <![CDATA[koeluser03@testpro.io]]>
              </value>
            </param>
            <param index="1">
              <value>
                <![CDATA[te$t$tudent]]>
              </value>
            </param>
          </params>
          <reporter-output>
          </reporter-output>
        </test-method> <!-- loginTestCorrectCredentialsLoggedToApp7 -->
        <test-method status="PASS" signature="tearDown(org.testng.ITestResult)[pri:0, instance:SeleniumTests.LoginTestNew@942a29c]" name="tearDown" is-config="true" duration-ms="66" started-at="2020-07-10T19:24:28Z" finished-at="2020-07-10T19:24:28Z">
          <params>
            <param index="0">
              <value>
                <![CDATA[[TestResult name=loginTestCorrectCredentialsLoggedToApp7 status=SUCCESS method=LoginTestNew.loginTestCorrectCredentialsLoggedToApp7(java.lang.String, java.lang.String)[pri:0, instance:SeleniumTests.LoginTestNew@942a29c] output={null}]]]>
              </value>
            </param>
          </params>
          <reporter-output>
          </reporter-output>
        </test-method> <!-- tearDown -->
        <test-method status="PASS" signature="startUp(java.lang.String, java.lang.String, java.lang.String, java.lang.String)[pri:0, instance:SeleniumTests.LoginTestNew@942a29c]" name="startUp" is-config="true" duration-ms="2320" started-at="2020-07-10T19:24:28Z" finished-at="2020-07-10T19:24:31Z">
          <params>
            <param index="0">
              <value>
                <![CDATA[koeluser03@testpro.io]]>
              </value>
            </param>
            <param index="1">
              <value>
                <![CDATA[te$t$tudent]]>
              </value>
            </param>
            <param index="2">
              <value>
                <![CDATA[CHROME]]>
              </value>
            </param>
            <param index="3">
              <value>
                <![CDATA[https://koelapp.testpro.io]]>
              </value>
            </param>
          </params>
          <reporter-output>
          </reporter-output>
        </test-method> <!-- startUp -->
        <test-method status="PASS" signature="loginTestCorrectCredentialsLoggedToApp8(java.lang.String, java.lang.String)[pri:0, instance:SeleniumTests.LoginTestNew@942a29c]" name="loginTestCorrectCredentialsLoggedToApp8" duration-ms="620" started-at="2020-07-10T19:24:31Z" finished-at="2020-07-10T19:24:31Z">
          <params>
            <param index="0">
              <value>
                <![CDATA[koeluser03@testpro.io]]>
              </value>
            </param>
            <param index="1">
              <value>
                <![CDATA[te$t$tudent]]>
              </value>
            </param>
          </params>
          <reporter-output>
          </reporter-output>
        </test-method> <!-- loginTestCorrectCredentialsLoggedToApp8 -->
        <test-method status="PASS" signature="tearDown(org.testng.ITestResult)[pri:0, instance:SeleniumTests.LoginTestNew@942a29c]" name="tearDown" is-config="true" duration-ms="228" started-at="2020-07-10T19:24:31Z" finished-at="2020-07-10T19:24:31Z">
          <params>
            <param index="0">
              <value>
                <![CDATA[[TestResult name=loginTestCorrectCredentialsLoggedToApp8 status=SUCCESS method=LoginTestNew.loginTestCorrectCredentialsLoggedToApp8(java.lang.String, java.lang.String)[pri:0, instance:SeleniumTests.LoginTestNew@942a29c] output={null}]]]>
              </value>
            </param>
          </params>
          <reporter-output>
          </reporter-output>
        </test-method> <!-- tearDown -->
        <test-method status="PASS" signature="startUp(java.lang.String, java.lang.String, java.lang.String, java.lang.String)[pri:0, instance:SeleniumTests.LoginTestNew@942a29c]" name="startUp" is-config="true" duration-ms="2261" started-at="2020-07-10T19:24:31Z" finished-at="2020-07-10T19:24:34Z">
          <params>
            <param index="0">
              <value>
                <![CDATA[koeluser03@testpro.io]]>
              </value>
            </param>
            <param index="1">
              <value>
                <![CDATA[te$t$tudent]]>
              </value>
            </param>
            <param index="2">
              <value>
                <![CDATA[CHROME]]>
              </value>
            </param>
            <param index="3">
              <value>
                <![CDATA[https://koelapp.testpro.io]]>
              </value>
            </param>
          </params>
          <reporter-output>
          </reporter-output>
        </test-method> <!-- startUp -->
        <test-method status="PASS" signature="loginTestCorrectCredentialsLoggedToApp9(java.lang.String, java.lang.String)[pri:0, instance:SeleniumTests.LoginTestNew@942a29c]" name="loginTestCorrectCredentialsLoggedToApp9" duration-ms="706" started-at="2020-07-10T19:24:34Z" finished-at="2020-07-10T19:24:34Z">
          <params>
            <param index="0">
              <value>
                <![CDATA[koeluser03@testpro.io]]>
              </value>
            </param>
            <param index="1">
              <value>
                <![CDATA[te$t$tudent]]>
              </value>
            </param>
          </params>
          <reporter-output>
          </reporter-output>
        </test-method> <!-- loginTestCorrectCredentialsLoggedToApp9 -->
        <test-method status="PASS" signature="tearDown(org.testng.ITestResult)[pri:0, instance:SeleniumTests.LoginTestNew@942a29c]" name="tearDown" is-config="true" duration-ms="64" started-at="2020-07-10T19:24:34Z" finished-at="2020-07-10T19:24:34Z">
          <params>
            <param index="0">
              <value>
                <![CDATA[[TestResult name=loginTestCorrectCredentialsLoggedToApp9 status=SUCCESS method=LoginTestNew.loginTestCorrectCredentialsLoggedToApp9(java.lang.String, java.lang.String)[pri:0, instance:SeleniumTests.LoginTestNew@942a29c] output={null}]]]>
              </value>
            </param>
          </params>
          <reporter-output>
          </reporter-output>
        </test-method> <!-- tearDown -->
      </class> <!-- SeleniumTests.LoginTestNew -->
      <class name="SeleniumTests.PlayListTestsNew">
        <test-method status="PASS" signature="startUp(java.lang.String, java.lang.String, java.lang.String, java.lang.String)[pri:0, instance:SeleniumTests.PlayListTestsNew@5a45133e]" name="startUp" is-config="true" duration-ms="2930" started-at="2020-07-10T19:24:17Z" finished-at="2020-07-10T19:24:20Z">
          <params>
            <param index="0">
              <value>
                <![CDATA[koeluser03@testpro.io]]>
              </value>
            </param>
            <param index="1">
              <value>
                <![CDATA[te$t$tudent]]>
              </value>
            </param>
            <param index="2">
              <value>
                <![CDATA[CHROME]]>
              </value>
            </param>
            <param index="3">
              <value>
                <![CDATA[https://koelapp.testpro.io]]>
              </value>
            </param>
          </params>
          <reporter-output>
          </reporter-output>
        </test-method> <!-- startUp -->
        <test-method status="PASS" signature="createPlayList_PlayListCreated2(java.lang.String, java.lang.String)[pri:0, instance:SeleniumTests.PlayListTestsNew@5a45133e]" name="createPlayList_PlayListCreated2" duration-ms="2925" started-at="2020-07-10T19:24:20Z" finished-at="2020-07-10T19:24:23Z">
          <params>
            <param index="0">
              <value>
                <![CDATA[koeluser03@testpro.io]]>
              </value>
            </param>
            <param index="1">
              <value>
                <![CDATA[te$t$tudent]]>
              </value>
            </param>
          </params>
          <reporter-output>
          </reporter-output>
        </test-method> <!-- createPlayList_PlayListCreated2 -->
        <test-method status="PASS" signature="tearDown(org.testng.ITestResult)[pri:0, instance:SeleniumTests.PlayListTestsNew@5a45133e]" name="tearDown" is-config="true" duration-ms="67" started-at="2020-07-10T19:24:23Z" finished-at="2020-07-10T19:24:23Z">
          <params>
            <param index="0">
              <value>
                <![CDATA[[TestResult name=createPlayList_PlayListCreated2 status=SUCCESS method=PlayListTestsNew.createPlayList_PlayListCreated2(java.lang.String, java.lang.String)[pri:0, instance:SeleniumTests.PlayListTestsNew@5a45133e] output={null}]]]>
              </value>
            </param>
          </params>
          <reporter-output>
          </reporter-output>
        </test-method> <!-- tearDown -->
        <test-method status="PASS" signature="startUp(java.lang.String, java.lang.String, java.lang.String, java.lang.String)[pri:0, instance:SeleniumTests.PlayListTestsNew@5a45133e]" name="startUp" is-config="true" duration-ms="3163" started-at="2020-07-10T19:24:23Z" finished-at="2020-07-10T19:24:26Z">
          <params>
            <param index="0">
              <value>
                <![CDATA[koeluser03@testpro.io]]>
              </value>
            </param>
            <param index="1">
              <value>
                <![CDATA[te$t$tudent]]>
              </value>
            </param>
            <param index="2">
              <value>
                <![CDATA[CHROME]]>
              </value>
            </param>
            <param index="3">
              <value>
                <![CDATA[https://koelapp.testpro.io]]>
              </value>
            </param>
          </params>
          <reporter-output>
          </reporter-output>
        </test-method> <!-- startUp -->
        <test-method status="PASS" signature="createPlayList_PlayListCreated3(java.lang.String, java.lang.String)[pri:0, instance:SeleniumTests.PlayListTestsNew@5a45133e]" name="createPlayList_PlayListCreated3" duration-ms="2973" started-at="2020-07-10T19:24:26Z" finished-at="2020-07-10T19:24:29Z">
          <params>
            <param index="0">
              <value>
                <![CDATA[koeluser03@testpro.io]]>
              </value>
            </param>
            <param index="1">
              <value>
                <![CDATA[te$t$tudent]]>
              </value>
            </param>
          </params>
          <reporter-output>
          </reporter-output>
        </test-method> <!-- createPlayList_PlayListCreated3 -->
        <test-method status="PASS" signature="tearDown(org.testng.ITestResult)[pri:0, instance:SeleniumTests.PlayListTestsNew@5a45133e]" name="tearDown" is-config="true" duration-ms="175" started-at="2020-07-10T19:24:29Z" finished-at="2020-07-10T19:24:29Z">
          <params>
            <param index="0">
              <value>
                <![CDATA[[TestResult name=createPlayList_PlayListCreated3 status=SUCCESS method=PlayListTestsNew.createPlayList_PlayListCreated3(java.lang.String, java.lang.String)[pri:0, instance:SeleniumTests.PlayListTestsNew@5a45133e] output={null}]]]>
              </value>
            </param>
          </params>
          <reporter-output>
          </reporter-output>
        </test-method> <!-- tearDown -->
        <test-method status="PASS" signature="startUp(java.lang.String, java.lang.String, java.lang.String, java.lang.String)[pri:0, instance:SeleniumTests.PlayListTestsNew@5a45133e]" name="startUp" is-config="true" duration-ms="1950" started-at="2020-07-10T19:24:29Z" finished-at="2020-07-10T19:24:31Z">
          <params>
            <param index="0">
              <value>
                <![CDATA[koeluser03@testpro.io]]>
              </value>
            </param>
            <param index="1">
              <value>
                <![CDATA[te$t$tudent]]>
              </value>
            </param>
            <param index="2">
              <value>
                <![CDATA[CHROME]]>
              </value>
            </param>
            <param index="3">
              <value>
                <![CDATA[https://koelapp.testpro.io]]>
              </value>
            </param>
          </params>
          <reporter-output>
          </reporter-output>
        </test-method> <!-- startUp -->
        <test-method status="PASS" signature="renamePlayList_PlayListCreated2(java.lang.String, java.lang.String)[pri:0, instance:SeleniumTests.PlayListTestsNew@5a45133e]" name="renamePlayList_PlayListCreated2" duration-ms="3132" started-at="2020-07-10T19:24:31Z" finished-at="2020-07-10T19:24:34Z">
          <params>
            <param index="0">
              <value>
                <![CDATA[koeluser03@testpro.io]]>
              </value>
            </param>
            <param index="1">
              <value>
                <![CDATA[te$t$tudent]]>
              </value>
            </param>
          </params>
          <reporter-output>
          </reporter-output>
        </test-method> <!-- renamePlayList_PlayListCreated2 -->
        <test-method status="PASS" signature="tearDown(org.testng.ITestResult)[pri:0, instance:SeleniumTests.PlayListTestsNew@5a45133e]" name="tearDown" is-config="true" duration-ms="65" started-at="2020-07-10T19:24:34Z" finished-at="2020-07-10T19:24:34Z">
          <params>
            <param index="0">
              <value>
                <![CDATA[[TestResult name=renamePlayList_PlayListCreated2 status=SUCCESS method=PlayListTestsNew.renamePlayList_PlayListCreated2(java.lang.String, java.lang.String)[pri:0, instance:SeleniumTests.PlayListTestsNew@5a45133e] output={null}]]]>
              </value>
            </param>
          </params>
          <reporter-output>
          </reporter-output>
        </test-method> <!-- tearDown -->
        <test-method status="PASS" signature="startUp(java.lang.String, java.lang.String, java.lang.String, java.lang.String)[pri:0, instance:SeleniumTests.PlayListTestsNew@5a45133e]" name="startUp" is-config="true" duration-ms="1950" started-at="2020-07-10T19:24:34Z" finished-at="2020-07-10T19:24:36Z">
          <params>
            <param index="0">
              <value>
                <![CDATA[koeluser03@testpro.io]]>
              </value>
            </param>
            <param index="1">
              <value>
                <![CDATA[te$t$tudent]]>
              </value>
            </param>
            <param index="2">
              <value>
                <![CDATA[CHROME]]>
              </value>
            </param>
            <param index="3">
              <value>
                <![CDATA[https://koelapp.testpro.io]]>
              </value>
            </param>
          </params>
          <reporter-output>
          </reporter-output>
        </test-method> <!-- startUp -->
        <test-method status="PASS" signature="renamePlayList_PlayListCreated3(java.lang.String, java.lang.String)[pri:0, instance:SeleniumTests.PlayListTestsNew@5a45133e]" name="renamePlayList_PlayListCreated3" duration-ms="2929" started-at="2020-07-10T19:24:36Z" finished-at="2020-07-10T19:24:39Z">
          <params>
            <param index="0">
              <value>
                <![CDATA[koeluser03@testpro.io]]>
              </value>
            </param>
            <param index="1">
              <value>
                <![CDATA[te$t$tudent]]>
              </value>
            </param>
          </params>
          <reporter-output>
          </reporter-output>
        </test-method> <!-- renamePlayList_PlayListCreated3 -->
        <test-method status="PASS" signature="tearDown(org.testng.ITestResult)[pri:0, instance:SeleniumTests.PlayListTestsNew@5a45133e]" name="tearDown" is-config="true" duration-ms="117" started-at="2020-07-10T19:24:39Z" finished-at="2020-07-10T19:24:39Z">
          <params>
            <param index="0">
              <value>
                <![CDATA[[TestResult name=renamePlayList_PlayListCreated3 status=SUCCESS method=PlayListTestsNew.renamePlayList_PlayListCreated3(java.lang.String, java.lang.String)[pri:0, instance:SeleniumTests.PlayListTestsNew@5a45133e] output={null}]]]>
              </value>
            </param>
          </params>
          <reporter-output>
          </reporter-output>
        </test-method> <!-- tearDown -->
      </class> <!-- SeleniumTests.PlayListTestsNew -->
    </test> <!-- All tests -->
  </suite> <!-- Master Suite -->
</testng-results>
